<?xml version="1.0" encoding="UTF-8"?>
<testng-results ignored="0" total="1" passed="1" failed="0" skipped="0">
  <reporter-output>
  </reporter-output>
  <suite started-at="2020-05-29T15:12:43 IST" name="Surefire suite" finished-at="2020-05-29T15:12:48 IST" duration-ms="5726">
    <groups>
    </groups>
    <test started-at="2020-05-29T15:12:43 IST" name="Surefire test" finished-at="2020-05-29T15:12:48 IST" duration-ms="5726">
      <class name="robot.Robot1">
        <test-method signature="Demomethod()[pri:0, instance:robot.Robot1@351d0846]" started-at="2020-05-29T15:12:43 IST" name="Demomethod" finished-at="2020-05-29T15:12:48 IST" duration-ms="5690" status="PASS">
          <reporter-output>
          </reporter-output>
        </test-method> <!-- Demomethod -->
      </class> <!-- robot.Robot1 -->
    </test> <!-- Surefire test -->
  </suite> <!-- Surefire suite -->
</testng-results>
